aes-128-cbc
aes-128-ecb
aes-192-cbc
aes-192-ecb
aes-256-cbc
aes-256-ecb
aria-128-cbc
aria-128-cfb
aria-128-cfb1
aria-128-cfb8
aria-128-ctr
aria-128-ecb
aria-128-ofb
aria-192-cbc
aria-192-cfb
aria-192-cfb1
aria-192-cfb8
aria-192-ctr
aria-192-ecb
aria-192-ofb
aria-256-cbc
aria-256-cfb
aria-256-cfb1
aria-256-cfb8
aria-256-ctr
aria-256-ecb
aria-256-ofb
camellia-128-cbc
camellia-128-ecb
camellia-192-cbc
camellia-192-ecb
camellia-256-cbc
camellia-256-ecb
des-ede
des-ede-cbc
des-ede-cfb
des-ede-ofb
des-ede3
des-ede3-cbc
des-ede3-cfb
des-ede3-ofb
des3
sm4-cbc
sm4-cfb
sm4-ctr
sm4-ecb
sm4-ofb
